**************************************************************************************************************************************************************************************************************************************************************
***                                                                                                  Prjdlldeltaapi [1.0.74] Copyright DELTA INFORMATIQUE                                                                                                  ***
**************************************************************************************************************************************************************************************************************************************************************
***APPLICATION:[PrjExeWebBase]                                                                                                                                                                                                             VERSION:[1.0.19]***
**************************************************************************************************************************************************************************************************************************************************************
***FEUILLE:                                                                                                                                                                                                                                                ***
***TYPE:[0]                                                                                                                                                                                                                         NOM:[frmTableConnexion]***
**************************************************************************************************************************************************************************************************************************************************************
***INSTRUCTION:                                                                                                                                                                                                                                            ***
***TYPE:[2]                                                                                                                                                                                                                           NOM:[cmdBouton_Click]***
***PARAMETRE:                                                                                                                                                                                                                                              ***
***[8]                                                                                                                                                                                                                                                     ***
***[]                                                                                                                                                                                                                                                      ***
**************************************************************************************************************************************************************************************************************************************************************
***NUMERO:[13]                                                                                                                                                                                                                                             ***
***DESCRIPTION:                                                                                                                                                                                                                                            ***
***[Type mismatch]                                                                                                                                                                                                                                         ***
***[]                                                                                                                                                                                                                                                      ***
***[]                                                                                                                                                                                                                                                      ***
**************************************************************************************************************************************************************************************************************************************************************
***JOUR:[02-18-2026]                                                                                                                                                                                                                       HEURE:[17:10:22]***
**************************************************************************************************************************************************************************************************************************************************************
**************************************************************************************************************************************************************************************************************************************************************
***                                                                                                  Prjdlldeltaapi [1.0.74] Copyright DELTA INFORMATIQUE                                                                                                  ***
**************************************************************************************************************************************************************************************************************************************************************
***APPLICATION:[PrjExeWebBase]                                                                                                                                                                                                             VERSION:[1.0.19]***
**************************************************************************************************************************************************************************************************************************************************************
***FEUILLE:                                                                                                                                                                                                                                                ***
***TYPE:[0]                                                                                                                                                                                                                         NOM:[frmTableConnexion]***
**************************************************************************************************************************************************************************************************************************************************************
***INSTRUCTION:                                                                                                                                                                                                                                            ***
***TYPE:[2]                                                                                                                                                                                                                           NOM:[cmdBouton_Click]***
***PARAMETRE:                                                                                                                                                                                                                                              ***
***[8]                                                                                                                                                                                                                                                     ***
***[]                                                                                                                                                                                                                                                      ***
**************************************************************************************************************************************************************************************************************************************************************
***NUMERO:[13]                                                                                                                                                                                                                                             ***
***DESCRIPTION:                                                                                                                                                                                                                                            ***
***[Type mismatch]                                                                                                                                                                                                                                         ***
***[]                                                                                                                                                                                                                                                      ***
***[]                                                                                                                                                                                                                                                      ***
**************************************************************************************************************************************************************************************************************************************************************
***JOUR:[02-18-2026]                                                                                                                                                                                                                       HEURE:[17:10:52]***
**************************************************************************************************************************************************************************************************************************************************************
**************************************************************************************************************************************************************************************************************************************************************
***                                                                                                  Prjdlldeltaapi [1.0.74] Copyright DELTA INFORMATIQUE                                                                                                  ***
**************************************************************************************************************************************************************************************************************************************************************
***APPLICATION:[PrjExeWebBase]                                                                                                                                                                                                             VERSION:[1.0.19]***
**************************************************************************************************************************************************************************************************************************************************************
***FEUILLE:                                                                                                                                                                                                                                                ***
***TYPE:[0]                                                                                                                                                                                                                         NOM:[frmTableConnexion]***
**************************************************************************************************************************************************************************************************************************************************************
***INSTRUCTION:                                                                                                                                                                                                                                            ***
***TYPE:[2]                                                                                                                                                                                                                           NOM:[cmdBouton_Click]***
***PARAMETRE:                                                                                                                                                                                                                                              ***
***[7]                                                                                                                                                                                                                                                     ***
***[]                                                                                                                                                                                                                                                      ***
**************************************************************************************************************************************************************************************************************************************************************
***NUMERO:[13]                                                                                                                                                                                                                                             ***
***DESCRIPTION:                                                                                                                                                                                                                                            ***
***[Type mismatch]                                                                                                                                                                                                                                         ***
***[]                                                                                                                                                                                                                                                      ***
***[]                                                                                                                                                                                                                                                      ***
**************************************************************************************************************************************************************************************************************************************************************
***JOUR:[02-18-2026]                                                                                                                                                                                                                       HEURE:[17:12:29]***
**************************************************************************************************************************************************************************************************************************************************************
**************************************************************************************************************************************************************************************************************************************************************
***                                                                                                  Prjdlldeltaapi [1.0.74] Copyright DELTA INFORMATIQUE                                                                                                  ***
**************************************************************************************************************************************************************************************************************************************************************
***APPLICATION:[PrjExeWebBase]                                                                                                                                                                                                             VERSION:[1.0.19]***
**************************************************************************************************************************************************************************************************************************************************************
***FEUILLE:                                                                                                                                                                                                                                                ***
***TYPE:[0]                                                                                                                                                                                                                            NOM:[frmTableClient]***
**************************************************************************************************************************************************************************************************************************************************************
***INSTRUCTION:                                                                                                                                                                                                                                            ***
***TYPE:[2]                                                                                                                                                                                                                           NOM:[cmdBouton_Click]***
***PARAMETRE:                                                                                                                                                                                                                                              ***
***[8]                                                                                                                                                                                                                                                     ***
***[]                                                                                                                                                                                                                                                      ***
**************************************************************************************************************************************************************************************************************************************************************
***NUMERO:[13]                                                                                                                                                                                                                                             ***
***DESCRIPTION:                                                                                                                                                                                                                                            ***
***[Type mismatch]                                                                                                                                                                                                                                         ***
***[]                                                                                                                                                                                                                                                      ***
***[]                                                                                                                                                                                                                                                      ***
**************************************************************************************************************************************************************************************************************************************************************
***JOUR:[02-19-2026]                                                                                                                                                                                                                       HEURE:[08:17:54]***
**************************************************************************************************************************************************************************************************************************************************************
**************************************************************************************************************************************************************************************************************************************************************
***                                                                                                  Prjdlldeltaapi [1.0.74] Copyright DELTA INFORMATIQUE                                                                                                  ***
**************************************************************************************************************************************************************************************************************************************************************
***APPLICATION:[PrjExeWebBase]                                                                                                                                                                                                             VERSION:[1.0.19]***
**************************************************************************************************************************************************************************************************************************************************************
***FEUILLE:                                                                                                                                                                                                                                                ***
***TYPE:[0]                                                                                                                                                                                                                            NOM:[frmTableClient]***
**************************************************************************************************************************************************************************************************************************************************************
***INSTRUCTION:                                                                                                                                                                                                                                            ***
***TYPE:[2]                                                                                                                                                                                                                           NOM:[cmdBouton_Click]***
***PARAMETRE:                                                                                                                                                                                                                                              ***
***[7]                                                                                                                                                                                                                                                     ***
***[]                                                                                                                                                                                                                                                      ***
**************************************************************************************************************************************************************************************************************************************************************
***NUMERO:[13]                                                                                                                                                                                                                                             ***
***DESCRIPTION:                                                                                                                                                                                                                                            ***
***[Type mismatch]                                                                                                                                                                                                                                         ***
***[]                                                                                                                                                                                                                                                      ***
***[]                                                                                                                                                                                                                                                      ***
**************************************************************************************************************************************************************************************************************************************************************
***JOUR:[02-19-2026]                                                                                                                                                                                                                       HEURE:[08:18:01]***
**************************************************************************************************************************************************************************************************************************************************************
**************************************************************************************************************************************************************************************************************************************************************
***                                                                                                  Prjdlldeltaapi [1.0.74] Copyright DELTA INFORMATIQUE                                                                                                  ***
**************************************************************************************************************************************************************************************************************************************************************
***APPLICATION:[PrjExeWebBase]                                                                                                                                                                                                             VERSION:[1.0.19]***
**************************************************************************************************************************************************************************************************************************************************************
***FEUILLE:                                                                                                                                                                                                                                                ***
***TYPE:[0]                                                                                                                                                                                                                           NOM:[frmTableAccueil]***
**************************************************************************************************************************************************************************************************************************************************************
***INSTRUCTION:                                                                                                                                                                                                                                            ***
***TYPE:[2]                                                                                                                                                                                                                           NOM:[cmdBouton_Click]***
***PARAMETRE:                                                                                                                                                                                                                                              ***
***[8]                                                                                                                                                                                                                                                     ***
***[]                                                                                                                                                                                                                                                      ***
**************************************************************************************************************************************************************************************************************************************************************
***NUMERO:[13]                                                                                                                                                                                                                                             ***
***DESCRIPTION:                                                                                                                                                                                                                                            ***
***[Type mismatch]                                                                                                                                                                                                                                         ***
***[]                                                                                                                                                                                                                                                      ***
***[]                                                                                                                                                                                                                                                      ***
**************************************************************************************************************************************************************************************************************************************************************
***JOUR:[02-19-2026]                                                                                                                                                                                                                       HEURE:[08:18:20]***
**************************************************************************************************************************************************************************************************************************************************************
**************************************************************************************************************************************************************************************************************************************************************
***                                                                                                  Prjdlldeltaapi [1.0.74] Copyright DELTA INFORMATIQUE                                                                                                  ***
**************************************************************************************************************************************************************************************************************************************************************
***APPLICATION:[PrjExeWebBase]                                                                                                                                                                                                             VERSION:[1.0.19]***
**************************************************************************************************************************************************************************************************************************************************************
***FEUILLE:                                                                                                                                                                                                                                                ***
***TYPE:[0]                                                                                                                                                                                                                             NOM:[frmTableLiens]***
**************************************************************************************************************************************************************************************************************************************************************
***INSTRUCTION:                                                                                                                                                                                                                                            ***
***TYPE:[2]                                                                                                                                                                                                                               NOM:[ChangePhoto]***
***PARAMETRE:                                                                                                                                                                                                                                              ***
***[]                                                                                                                                                                                                                                                      ***
***[]                                                                                                                                                                                                                                                      ***
**************************************************************************************************************************************************************************************************************************************************************
***NUMERO:[71]                                                                                                                                                                                                                                             ***
***DESCRIPTION:                                                                                                                                                                                                                                            ***
***[Disk not ready: 'D:\MES_SITES_INTERNET\ASP\DELTAINFORMATIQUE\WEBSITE\DATA\IMAGES\LIENS\Bing.ico']                                                                                                                                                      ***
***[]                                                                                                                                                                                                                                                      ***
***[]                                                                                                                                                                                                                                                      ***
**************************************************************************************************************************************************************************************************************************************************************
***JOUR:[02-19-2026]                                                                                                                                                                                                                       HEURE:[08:18:29]***
**************************************************************************************************************************************************************************************************************************************************************
**************************************************************************************************************************************************************************************************************************************************************
***                                                                                                  Prjdlldeltaapi [1.0.74] Copyright DELTA INFORMATIQUE                                                                                                  ***
**************************************************************************************************************************************************************************************************************************************************************
***APPLICATION:[PrjExeWebBase]                                                                                                                                                                                                             VERSION:[1.0.19]***
**************************************************************************************************************************************************************************************************************************************************************
***FEUILLE:                                                                                                                                                                                                                                                ***
***TYPE:[3]                                                                                                                                                                                                                                NOM:[mdiWebBase]***
**************************************************************************************************************************************************************************************************************************************************************
***INSTRUCTION:                                                                                                                                                                                                                                            ***
***TYPE:[2]                                                                                                                                                                                                                          NOM:[mnuFichier_Click]***
***PARAMETRE:                                                                                                                                                                                                                                              ***
***[0]                                                                                                                                                                                                                                                     ***
***[]                                                                                                                                                                                                                                                      ***
**************************************************************************************************************************************************************************************************************************************************************
***NUMERO:[13]                                                                                                                                                                                                                                             ***
***DESCRIPTION:                                                                                                                                                                                                                                            ***
***[Type mismatch]                                                                                                                                                                                                                                         ***
***[]                                                                                                                                                                                                                                                      ***
***[]                                                                                                                                                                                                                                                      ***
**************************************************************************************************************************************************************************************************************************************************************
***JOUR:[02-19-2026]                                                                                                                                                                                                                       HEURE:[08:18:32]***
**************************************************************************************************************************************************************************************************************************************************************
